{"meta": {"format": 3, "version": "7.8.2", "timestamp": "2025-08-28T09:47:26.546212", "branch_coverage": false, "show_contexts": false}, "files": {"src/__init__.py": {"executed_lines": [1, 11, 24, 31, 41, 52, 53], "summary": {"covered_lines": 6, "num_statements": 6, "percent_covered": 100.0, "percent_covered_display": "100", "missing_lines": 0, "excluded_lines": 0}, "missing_lines": [], "excluded_lines": [], "functions": {"": {"executed_lines": [1, 11, 24, 31, 41, 52, 53], "summary": {"covered_lines": 6, "num_statements": 6, "percent_covered": 100.0, "percent_covered_display": "100", "missing_lines": 0, "excluded_lines": 0}, "missing_lines": [], "excluded_lines": []}}, "classes": {"": {"executed_lines": [1, 11, 24, 31, 41, 52, 53], "summary": {"covered_lines": 6, "num_statements": 6, "percent_covered": 100.0, "percent_covered_display": "100", "missing_lines": 0, "excluded_lines": 0}, "missing_lines": [], "excluded_lines": []}}}, "src/cli.py": {"executed_lines": [], "summary": {"covered_lines": 0, "num_statements": 439, "percent_covered": 0.0, "percent_covered_display": "0", "missing_lines": 439, "excluded_lines": 2}, "missing_lines": [20, 21, 22, 23, 24, 25, 26, 27, 29, 31, 32, 33, 34, 36, 37, 38, 39, 41, 46, 53, 56, 59, 60, 61, 62, 63, 65, 67, 68, 70, 72, 74, 75, 77, 79, 81, 82, 84, 86, 88, 89, 91, 93, 96, 97, 98, 99, 100, 101, 102, 103, 104, 106, 108, 110, 112, 113, 115, 118, 119, 121, 122, 124, 126, 127, 129, 130, 132, 135, 136, 137, 140, 141, 144, 146, 185, 187, 189, 192, 195, 197, 199, 201, 205, 207, 211, 215, 219, 221, 223, 224, 225, 227, 228, 230, 232, 233, 235, 236, 239, 250, 257, 260, 261, 262, 263, 265, 267, 268, 269, 270, 271, 272, 275, 277, 279, 280, 282, 283, 284, 287, 293, 299, 300, 301, 304, 305, 306, 307, 308, 309, 312, 313, 314, 315, 317, 318, 320, 321, 323, 325, 326, 327, 328, 329, 330, 333, 335, 337, 338, 339, 341, 343, 344, 346, 347, 350, 359, 364, 365, 366, 367, 369, 372, 379, 380, 382, 383, 384, 385, 388, 389, 390, 391, 393, 395, 396, 397, 398, 399, 400, 403, 405, 407, 408, 409, 411, 413, 415, 423, 424, 425, 426, 428, 432, 433, 435, 437, 438, 439, 440, 441, 442, 445, 447, 449, 450, 452, 453, 454, 457, 461, 464, 465, 466, 467, 468, 469, 472, 473, 474, 475, 478, 479, 480, 481, 483, 484, 486, 487, 488, 489, 490, 491, 494, 496, 498, 499, 501, 502, 503, 506, 509, 510, 511, 512, 513, 514, 515, 517, 518, 520, 521, 522, 524, 525, 528, 529, 530, 531, 532, 533, 534, 536, 537, 539, 540, 541, 542, 543, 544, 547, 549, 551, 553, 554, 556, 557, 559, 560, 561, 562, 563, 564, 565, 566, 568, 570, 571, 572, 573, 574, 575, 578, 580, 582, 584, 586, 587, 589, 590, 592, 594, 595, 597, 599, 601, 602, 603, 604, 605, 606, 609, 611, 613, 615, 616, 619, 620, 626, 627, 628, 629, 631, 633, 634, 635, 637, 638, 640, 642, 643, 645, 646, 654, 655, 656, 658, 660, 661, 662, 663, 664, 665, 668, 670, 672, 674, 675, 677, 678, 679, 681, 682, 683, 684, 685, 686, 688, 689, 690, 691, 692, 694, 695, 697, 698, 700, 701, 702, 703, 704, 705, 708, 711, 712, 715, 719, 720, 721, 723, 724, 727, 731, 732, 734, 737, 741, 742, 743, 744, 747, 751, 752, 755, 759, 762, 766, 769, 770, 773, 774, 775, 778, 779, 780, 783, 784, 785, 786, 789, 790, 791, 792, 793, 796, 799, 800, 801, 804, 805, 806, 807, 809, 812, 813, 814, 815, 816, 817, 818, 820, 821, 824, 834, 835, 836, 838, 839], "excluded_lines": [842, 843], "functions": {"CLIProgressReporter.__init__": {"executed_lines": [], "summary": {"covered_lines": 0, "num_statements": 4, "percent_covered": 0.0, "percent_covered_display": "0", "missing_lines": 4, "excluded_lines": 0}, "missing_lines": [60, 61, 62, 63], "excluded_lines": []}, "CLIProgressReporter.info": {"executed_lines": [], "summary": {"covered_lines": 0, "num_statements": 3, "percent_covered": 0.0, "percent_covered_display": "0", "missing_lines": 3, "excluded_lines": 0}, "missing_lines": [67, 68, 70], "excluded_lines": []}, "CLIProgressReporter.success": {"executed_lines": [], "summary": {"covered_lines": 0, "num_statements": 3, "percent_covered": 0.0, "percent_covered_display": "0", "missing_lines": 3, "excluded_lines": 0}, "missing_lines": [74, 75, 77], "excluded_lines": []}, "CLIProgressReporter.warning": {"executed_lines": [], "summary": {"covered_lines": 0, "num_statements": 3, "percent_covered": 0.0, "percent_covered_display": "0", "missing_lines": 3, "excluded_lines": 0}, "missing_lines": [81, 82, 84], "excluded_lines": []}, "CLIProgressReporter.error": {"executed_lines": [], "summary": {"covered_lines": 0, "num_statements": 3, "percent_covered": 0.0, "percent_covered_display": "0", "missing_lines": 3, "excluded_lines": 0}, "missing_lines": [88, 89, 91], "excluded_lines": []}, "CLIProgressReporter.progress": {"executed_lines": [], "summary": {"covered_lines": 0, "num_statements": 11, "percent_covered": 0.0, "percent_covered_display": "0", "missing_lines": 11, "excluded_lines": 0}, "missing_lines": [96, 97, 98, 99, 100, 101, 102, 103, 104, 106, 108], "excluded_lines": []}, "CLIProgressReporter.print_stats": {"executed_lines": [], "summary": {"covered_lines": 0, "num_statements": 18, "percent_covered": 0.0, "percent_covered_display": "0", "missing_lines": 18, "excluded_lines": 0}, "missing_lines": [112, 113, 115, 118, 119, 121, 122, 124, 126, 127, 129, 130, 132, 135, 136, 137, 140, 141], "excluded_lines": []}, "create_base_parser": {"executed_lines": [], "summary": {"covered_lines": 0, "num_statements": 5, "percent_covered": 0.0, "percent_covered_display": "0", "missing_lines": 5, "excluded_lines": 0}, "missing_lines": [146, 185, 187, 189, 192], "excluded_lines": []}, "add_common_args": {"executed_lines": [], "summary": {"covered_lines": 0, "num_statements": 3, "percent_covered": 0.0, "percent_covered_display": "0", "missing_lines": 3, "excluded_lines": 0}, "missing_lines": [197, 199, 201], "excluded_lines": []}, "add_organize_args": {"executed_lines": [], "summary": {"covered_lines": 0, "num_statements": 3, "percent_covered": 0.0, "percent_covered_display": "0", "missing_lines": 3, "excluded_lines": 0}, "missing_lines": [207, 211, 215], "excluded_lines": []}, "command_process": {"executed_lines": [], "summary": {"covered_lines": 0, "num_statements": 24, "percent_covered": 0.0, "percent_covered_display": "0", "missing_lines": 24, "excluded_lines": 0}, "missing_lines": [221, 223, 224, 225, 227, 228, 230, 232, 233, 235, 239, 250, 257, 260, 261, 262, 263, 265, 267, 268, 269, 270, 271, 272], "excluded_lines": []}, "command_process.progress_callback": {"executed_lines": [], "summary": {"covered_lines": 0, "num_statements": 1, "percent_covered": 0.0, "percent_covered_display": "0", "missing_lines": 1, "excluded_lines": 0}, "missing_lines": [236], "excluded_lines": []}, "command_scan": {"executed_lines": [], "summary": {"covered_lines": 0, "num_statements": 31, "percent_covered": 0.0, "percent_covered_display": "0", "missing_lines": 31, "excluded_lines": 0}, "missing_lines": [277, 279, 280, 282, 283, 287, 293, 299, 300, 301, 304, 305, 306, 307, 308, 309, 312, 313, 314, 315, 317, 318, 320, 321, 323, 325, 326, 327, 328, 329, 330], "excluded_lines": []}, "command_scan.progress_callback": {"executed_lines": [], "summary": {"covered_lines": 0, "num_statements": 1, "percent_covered": 0.0, "percent_covered_display": "0", "missing_lines": 1, "excluded_lines": 0}, "missing_lines": [284], "excluded_lines": []}, "command_organize": {"executed_lines": [], "summary": {"covered_lines": 0, "num_statements": 33, "percent_covered": 0.0, "percent_covered_display": "0", "missing_lines": 33, "excluded_lines": 0}, "missing_lines": [335, 337, 338, 339, 341, 343, 344, 346, 350, 359, 364, 365, 366, 367, 369, 372, 379, 380, 382, 383, 384, 385, 388, 389, 390, 391, 393, 395, 396, 397, 398, 399, 400], "excluded_lines": []}, "command_organize.progress_callback": {"executed_lines": [], "summary": {"covered_lines": 0, "num_statements": 1, "percent_covered": 0.0, "percent_covered_display": "0", "missing_lines": 1, "excluded_lines": 0}, "missing_lines": [347], "excluded_lines": []}, "command_metadata": {"executed_lines": [], "summary": {"covered_lines": 0, "num_statements": 21, "percent_covered": 0.0, "percent_covered_display": "0", "missing_lines": 21, "excluded_lines": 0}, "missing_lines": [405, 407, 408, 409, 411, 413, 415, 423, 424, 425, 426, 428, 432, 433, 435, 437, 438, 439, 440, 441, 442], "excluded_lines": []}, "command_status": {"executed_lines": [], "summary": {"covered_lines": 0, "num_statements": 30, "percent_covered": 0.0, "percent_covered_display": "0", "missing_lines": 30, "excluded_lines": 0}, "missing_lines": [447, 449, 450, 452, 453, 454, 457, 461, 464, 465, 466, 467, 468, 469, 472, 473, 474, 475, 478, 479, 480, 481, 483, 484, 486, 487, 488, 489, 490, 491], "excluded_lines": []}, "command_info": {"executed_lines": [], "summary": {"covered_lines": 0, "num_statements": 36, "percent_covered": 0.0, "percent_covered_display": "0", "missing_lines": 36, "excluded_lines": 0}, "missing_lines": [496, 498, 499, 501, 502, 503, 506, 509, 510, 511, 512, 513, 514, 515, 517, 518, 520, 521, 522, 524, 525, 528, 529, 530, 531, 532, 533, 534, 536, 537, 539, 540, 541, 542, 543, 544], "excluded_lines": []}, "command_db_stats": {"executed_lines": [], "summary": {"covered_lines": 0, "num_statements": 21, "percent_covered": 0.0, "percent_covered_display": "0", "missing_lines": 21, "excluded_lines": 0}, "missing_lines": [549, 551, 553, 554, 556, 557, 559, 560, 561, 562, 563, 564, 565, 566, 568, 570, 571, 572, 573, 574, 575], "excluded_lines": []}, "command_db_clean": {"executed_lines": [], "summary": {"covered_lines": 0, "num_statements": 18, "percent_covered": 0.0, "percent_covered_display": "0", "missing_lines": 18, "excluded_lines": 0}, "missing_lines": [580, 582, 584, 586, 587, 589, 590, 592, 594, 595, 597, 599, 601, 602, 603, 604, 605, 606], "excluded_lines": []}, "command_db_export": {"executed_lines": [], "summary": {"covered_lines": 0, "num_statements": 31, "percent_covered": 0.0, "percent_covered_display": "0", "missing_lines": 31, "excluded_lines": 0}, "missing_lines": [611, 613, 615, 616, 619, 620, 626, 627, 628, 629, 631, 633, 634, 635, 637, 638, 640, 642, 643, 645, 646, 654, 655, 656, 658, 660, 661, 662, 663, 664, 665], "excluded_lines": []}, "command_query": {"executed_lines": [], "summary": {"covered_lines": 0, "num_statements": 28, "percent_covered": 0.0, "percent_covered_display": "0", "missing_lines": 28, "excluded_lines": 0}, "missing_lines": [670, 672, 674, 675, 677, 678, 679, 681, 682, 683, 684, 685, 686, 688, 689, 690, 691, 692, 694, 695, 697, 698, 700, 701, 702, 703, 704, 705], "excluded_lines": []}, "main": {"executed_lines": [], "summary": {"covered_lines": 0, "num_statements": 65, "percent_covered": 0.0, "percent_covered_display": "0", "missing_lines": 65, "excluded_lines": 0}, "missing_lines": [711, 712, 715, 719, 720, 721, 723, 724, 727, 731, 732, 734, 737, 741, 742, 743, 744, 747, 751, 752, 755, 759, 762, 766, 769, 770, 773, 774, 775, 778, 779, 780, 783, 784, 785, 786, 789, 790, 791, 792, 793, 796, 799, 800, 801, 804, 805, 806, 807, 809, 812, 813, 814, 815, 816, 817, 818, 820, 821, 824, 834, 835, 836, 838, 839], "excluded_lines": []}, "": {"executed_lines": [], "summary": {"covered_lines": 0, "num_statements": 42, "percent_covered": 0.0, "percent_covered_display": "0", "missing_lines": 42, "excluded_lines": 2}, "missing_lines": [20, 21, 22, 23, 24, 25, 26, 27, 29, 31, 32, 33, 34, 36, 37, 38, 39, 41, 46, 53, 56, 59, 65, 72, 79, 86, 93, 110, 144, 195, 205, 219, 275, 333, 403, 445, 494, 547, 578, 609, 668, 708], "excluded_lines": [842, 843]}}, "classes": {"CLIProgressReporter": {"executed_lines": [], "summary": {"covered_lines": 0, "num_statements": 45, "percent_covered": 0.0, "percent_covered_display": "0", "missing_lines": 45, "excluded_lines": 0}, "missing_lines": [60, 61, 62, 63, 67, 68, 70, 74, 75, 77, 81, 82, 84, 88, 89, 91, 96, 97, 98, 99, 100, 101, 102, 103, 104, 106, 108, 112, 113, 115, 118, 119, 121, 122, 124, 126, 127, 129, 130, 132, 135, 136, 137, 140, 141], "excluded_lines": []}, "": {"executed_lines": [], "summary": {"covered_lines": 0, "num_statements": 394, "percent_covered": 0.0, "percent_covered_display": "0", "missing_lines": 394, "excluded_lines": 2}, "missing_lines": [20, 21, 22, 23, 24, 25, 26, 27, 29, 31, 32, 33, 34, 36, 37, 38, 39, 41, 46, 53, 56, 59, 65, 72, 79, 86, 93, 110, 144, 146, 185, 187, 189, 192, 195, 197, 199, 201, 205, 207, 211, 215, 219, 221, 223, 224, 225, 227, 228, 230, 232, 233, 235, 236, 239, 250, 257, 260, 261, 262, 263, 265, 267, 268, 269, 270, 271, 272, 275, 277, 279, 280, 282, 283, 284, 287, 293, 299, 300, 301, 304, 305, 306, 307, 308, 309, 312, 313, 314, 315, 317, 318, 320, 321, 323, 325, 326, 327, 328, 329, 330, 333, 335, 337, 338, 339, 341, 343, 344, 346, 347, 350, 359, 364, 365, 366, 367, 369, 372, 379, 380, 382, 383, 384, 385, 388, 389, 390, 391, 393, 395, 396, 397, 398, 399, 400, 403, 405, 407, 408, 409, 411, 413, 415, 423, 424, 425, 426, 428, 432, 433, 435, 437, 438, 439, 440, 441, 442, 445, 447, 449, 450, 452, 453, 454, 457, 461, 464, 465, 466, 467, 468, 469, 472, 473, 474, 475, 478, 479, 480, 481, 483, 484, 486, 487, 488, 489, 490, 491, 494, 496, 498, 499, 501, 502, 503, 506, 509, 510, 511, 512, 513, 514, 515, 517, 518, 520, 521, 522, 524, 525, 528, 529, 530, 531, 532, 533, 534, 536, 537, 539, 540, 541, 542, 543, 544, 547, 549, 551, 553, 554, 556, 557, 559, 560, 561, 562, 563, 564, 565, 566, 568, 570, 571, 572, 573, 574, 575, 578, 580, 582, 584, 586, 587, 589, 590, 592, 594, 595, 597, 599, 601, 602, 603, 604, 605, 606, 609, 611, 613, 615, 616, 619, 620, 626, 627, 628, 629, 631, 633, 634, 635, 637, 638, 640, 642, 643, 645, 646, 654, 655, 656, 658, 660, 661, 662, 663, 664, 665, 668, 670, 672, 674, 675, 677, 678, 679, 681, 682, 683, 684, 685, 686, 688, 689, 690, 691, 692, 694, 695, 697, 698, 700, 701, 702, 703, 704, 705, 708, 711, 712, 715, 719, 720, 721, 723, 724, 727, 731, 732, 734, 737, 741, 742, 743, 744, 747, 751, 752, 755, 759, 762, 766, 769, 770, 773, 774, 775, 778, 779, 780, 783, 784, 785, 786, 789, 790, 791, 792, 793, 796, 799, 800, 801, 804, 805, 806, 807, 809, 812, 813, 814, 815, 816, 817, 818, 820, 821, 824, 834, 835, 836, 838, 839], "excluded_lines": [842, 843]}}}, "src/config/__init__.py": {"executed_lines": [1, 3, 5], "summary": {"covered_lines": 2, "num_statements": 2, "percent_covered": 100.0, "percent_covered_display": "100", "missing_lines": 0, "excluded_lines": 0}, "missing_lines": [], "excluded_lines": [], "functions": {"": {"executed_lines": [1, 3, 5], "summary": {"covered_lines": 2, "num_statements": 2, "percent_covered": 100.0, "percent_covered_display": "100", "missing_lines": 0, "excluded_lines": 0}, "missing_lines": [], "excluded_lines": []}}, "classes": {"": {"executed_lines": [1, 3, 5], "summary": {"covered_lines": 2, "num_statements": 2, "percent_covered": 100.0, "percent_covered_display": "100", "missing_lines": 0, "excluded_lines": 0}, "missing_lines": [], "excluded_lines": []}}}, "src/config/config.py": {"executed_lines": [1, 13, 14, 15, 18, 19, 20, 21, 24, 25, 28, 42, 49, 61, 72, 73, 75, 76, 77, 78, 81, 82, 85, 86, 87, 90, 93, 96, 98, 100, 101, 104, 105, 107, 111, 115, 119, 127, 137], "summary": {"covered_lines": 37, "num_statements": 50, "percent_covered": 74.0, "percent_covered_display": "74", "missing_lines": 13, "excluded_lines": 0}, "missing_lines": [109, 113, 117, 121, 122, 123, 124, 125, 129, 130, 131, 132, 133], "excluded_lines": [], "functions": {"Config.__init__": {"executed_lines": [76, 77, 78, 81, 82, 85, 86, 87, 90, 93, 96], "summary": {"covered_lines": 11, "num_statements": 11, "percent_covered": 100.0, "percent_covered_display": "100", "missing_lines": 0, "excluded_lines": 0}, "missing_lines": [], "excluded_lines": []}, "Config._ensure_directories": {"executed_lines": [100, 101, 104, 105], "summary": {"covered_lines": 4, "num_statements": 4, "percent_covered": 100.0, "percent_covered_display": "100", "missing_lines": 0, "excluded_lines": 0}, "missing_lines": [], "excluded_lines": []}, "Config.get_torrent_dir": {"executed_lines": [], "summary": {"covered_lines": 0, "num_statements": 1, "percent_covered": 0.0, "percent_covered_display": "0", "missing_lines": 1, "excluded_lines": 0}, "missing_lines": [109], "excluded_lines": []}, "Config.get_data_dir": {"executed_lines": [], "summary": {"covered_lines": 0, "num_statements": 1, "percent_covered": 0.0, "percent_covered_display": "0", "missing_lines": 1, "excluded_lines": 0}, "missing_lines": [113], "excluded_lines": []}, "Config.get_metadata_dir": {"executed_lines": [], "summary": {"covered_lines": 0, "num_statements": 1, "percent_covered": 0.0, "percent_covered_display": "0", "missing_lines": 1, "excluded_lines": 0}, "missing_lines": [117], "excluded_lines": []}, "Config.is_media_file": {"executed_lines": [], "summary": {"covered_lines": 0, "num_statements": 5, "percent_covered": 0.0, "percent_covered_display": "0", "missing_lines": 5, "excluded_lines": 0}, "missing_lines": [121, 122, 123, 124, 125], "excluded_lines": []}, "Config.get_media_type": {"executed_lines": [], "summary": {"covered_lines": 0, "num_statements": 5, "percent_covered": 0.0, "percent_covered_display": "0", "missing_lines": 5, "excluded_lines": 0}, "missing_lines": [129, 130, 131, 132, 133], "excluded_lines": []}, "": {"executed_lines": [1, 13, 14, 15, 18, 19, 20, 21, 24, 25, 28, 42, 49, 61, 72, 73, 75, 98, 107, 111, 115, 119, 127, 137], "summary": {"covered_lines": 22, "num_statements": 22, "percent_covered": 100.0, "percent_covered_display": "100", "missing_lines": 0, "excluded_lines": 0}, "missing_lines": [], "excluded_lines": []}}, "classes": {"Config": {"executed_lines": [76, 77, 78, 81, 82, 85, 86, 87, 90, 93, 96, 100, 101, 104, 105], "summary": {"covered_lines": 15, "num_statements": 28, "percent_covered": 53.57142857142857, "percent_covered_display": "54", "missing_lines": 13, "excluded_lines": 0}, "missing_lines": [109, 113, 117, 121, 122, 123, 124, 125, 129, 130, 131, 132, 133], "excluded_lines": []}, "": {"executed_lines": [1, 13, 14, 15, 18, 19, 20, 21, 24, 25, 28, 42, 49, 61, 72, 73, 75, 98, 107, 111, 115, 119, 127, 137], "summary": {"covered_lines": 22, "num_statements": 22, "percent_covered": 100.0, "percent_covered_display": "100", "missing_lines": 0, "excluded_lines": 0}, "missing_lines": [], "excluded_lines": []}}}, "src/mediadata.py": {"executed_lines": [1, 29, 30, 31, 32, 33, 34, 35, 38, 39, 46, 55, 56, 59, 60, 61, 62, 63, 64, 65, 66, 67, 68, 70, 72, 74, 76, 79, 81, 95, 97, 98, 99, 100, 104, 105, 116, 136, 137, 138, 139, 140, 141, 142, 145, 148, 154, 161, 162, 163, 166, 169, 179, 180, 182, 185, 186, 189, 190, 193, 195, 196, 197, 200, 201, 204, 207, 208, 210, 211, 213, 215, 226, 227, 228, 229, 232, 245, 248, 250, 251, 254, 257, 258, 260, 261, 263, 265, 297, 312, 314, 319, 320, 325, 328, 329, 331, 333, 347, 349, 353, 355, 357, 358, 362, 363, 366, 370, 373, 374, 378, 379, 381, 383, 398, 400, 401, 402, 403, 405, 407, 408, 410, 412, 414, 415, 417, 418, 420, 421, 422, 459, 462, 463, 464, 466, 467, 468, 470, 474, 476, 477, 480, 487, 489, 493, 497, 501, 505, 509, 517, 521, 525, 527, 529, 531, 532, 540, 542, 544, 546, 547, 550, 554, 574, 580], "summary": {"covered_lines": 161, "num_statements": 219, "percent_covered": 73.51598173515981, "percent_covered_display": "74", "missing_lines": 58, "excluded_lines": 3}, "missing_lines": [101, 276, 277, 278, 279, 280, 281, 284, 285, 286, 287, 290, 291, 293, 295, 315, 316, 321, 322, 350, 351, 359, 376, 409, 425, 426, 428, 431, 432, 433, 434, 436, 437, 438, 441, 442, 444, 445, 447, 448, 450, 452, 454, 455, 456, 472, 491, 495, 499, 503, 507, 511, 512, 513, 514, 515, 519, 523], "excluded_lines": [525, 526, 527], "functions": {"ProcessingStats.__post_init__": {"executed_lines": [72, 74, 76], "summary": {"covered_lines": 3, "num_statements": 3, "percent_covered": 100.0, "percent_covered_display": "100", "missing_lines": 0, "excluded_lines": 0}, "missing_lines": [], "excluded_lines": []}, "ProcessingStats.to_dict": {"executed_lines": [81], "summary": {"covered_lines": 1, "num_statements": 1, "percent_covered": 100.0, "percent_covered_display": "100", "missing_lines": 0, "excluded_lines": 0}, "missing_lines": [], "excluded_lines": []}, "ProcessingStats._format_size": {"executed_lines": [97, 98, 99, 100], "summary": {"covered_lines": 4, "num_statements": 5, "percent_covered": 80.0, "percent_covered_display": "80", "missing_lines": 1, "excluded_lines": 0}, "missing_lines": [101], "excluded_lines": []}, "MediaData.__init__": {"executed_lines": [136, 137, 138, 139, 140, 141, 142, 145, 148, 154, 161, 162, 163, 166, 169, 179, 180], "summary": {"covered_lines": 17, "num_statements": 17, "percent_covered": 100.0, "percent_covered_display": "100", "missing_lines": 0, "excluded_lines": 0}, "missing_lines": [], "excluded_lines": []}, "MediaData._setup_logging": {"executed_lines": [185, 186, 189, 190, 193, 195, 196, 197, 200, 201, 204, 207, 208, 210, 211, 213], "summary": {"covered_lines": 16, "num_statements": 16, "percent_covered": 100.0, "percent_covered_display": "100", "missing_lines": 0, "excluded_lines": 0}, "missing_lines": [], "excluded_lines": []}, "MediaData.scan_torrents": {"executed_lines": [226, 227, 228, 229], "summary": {"covered_lines": 4, "num_statements": 4, "percent_covered": 100.0, "percent_covered_display": "100", "missing_lines": 0, "excluded_lines": 0}, "missing_lines": [], "excluded_lines": []}, "MediaData.scan_and_match": {"executed_lines": [245, 248, 250, 251, 254, 257, 258, 260, 261, 263], "summary": {"covered_lines": 10, "num_statements": 10, "percent_covered": 100.0, "percent_covered_display": "100", "missing_lines": 0, "excluded_lines": 0}, "missing_lines": [], "excluded_lines": []}, "MediaData._deduplicate_matches": {"executed_lines": [], "summary": {"covered_lines": 0, "num_statements": 14, "percent_covered": 0.0, "percent_covered_display": "0", "missing_lines": 14, "excluded_lines": 0}, "missing_lines": [276, 277, 278, 279, 280, 281, 284, 285, 286, 287, 290, 291, 293, 295], "excluded_lines": []}, "MediaData.organize_torrents": {"executed_lines": [312, 314, 319, 320, 325, 328, 329, 331], "summary": {"covered_lines": 8, "num_statements": 12, "percent_covered": 66.66666666666667, "percent_covered_display": "67", "missing_lines": 4, "excluded_lines": 0}, "missing_lines": [315, 316, 321, 322], "excluded_lines": []}, "MediaData.fetch_metadata": {"executed_lines": [347, 349, 353, 355, 357, 358, 362, 363, 366, 370, 373, 374, 378, 379, 381], "summary": {"covered_lines": 15, "num_statements": 19, "percent_covered": 78.94736842105263, "percent_covered_display": "79", "missing_lines": 4, "excluded_lines": 0}, "missing_lines": [350, 351, 359, 376], "excluded_lines": []}, "MediaData.process": {"executed_lines": [398, 400, 401, 402, 403, 405, 407, 412, 414, 415, 417, 418, 420, 421, 422, 459, 462, 463, 464, 466, 467, 468, 470], "summary": {"covered_lines": 23, "num_statements": 44, "percent_covered": 52.27272727272727, "percent_covered_display": "52", "missing_lines": 21, "excluded_lines": 0}, "missing_lines": [425, 426, 428, 431, 432, 433, 434, 436, 437, 438, 441, 442, 444, 447, 448, 450, 452, 454, 455, 456, 472], "excluded_lines": []}, "MediaData.process.progress_wrapper": {"executed_lines": [408, 410], "summary": {"covered_lines": 2, "num_statements": 3, "percent_covered": 66.66666666666667, "percent_covered_display": "67", "missing_lines": 1, "excluded_lines": 0}, "missing_lines": [409], "excluded_lines": []}, "MediaData.process.metadata_progress": {"executed_lines": [], "summary": {"covered_lines": 0, "num_statements": 1, "percent_covered": 0.0, "percent_covered_display": "0", "missing_lines": 1, "excluded_lines": 0}, "missing_lines": [445], "excluded_lines": []}, "MediaData.get_library_stats": {"executed_lines": [476, 477, 480, 487], "summary": {"covered_lines": 4, "num_statements": 4, "percent_covered": 100.0, "percent_covered_display": "100", "missing_lines": 0, "excluded_lines": 0}, "missing_lines": [], "excluded_lines": []}, "MediaData.check_torrent_exists": {"executed_lines": [], "summary": {"covered_lines": 0, "num_statements": 1, "percent_covered": 0.0, "percent_covered_display": "0", "missing_lines": 1, "excluded_lines": 0}, "missing_lines": [491], "excluded_lines": []}, "MediaData.get_torrent_by_hash": {"executed_lines": [], "summary": {"covered_lines": 0, "num_statements": 1, "percent_covered": 0.0, "percent_covered_display": "0", "missing_lines": 1, "excluded_lines": 0}, "missing_lines": [495], "excluded_lines": []}, "MediaData.list_all_torrents": {"executed_lines": [], "summary": {"covered_lines": 0, "num_statements": 1, "percent_covered": 0.0, "percent_covered_display": "0", "missing_lines": 1, "excluded_lines": 0}, "missing_lines": [499], "excluded_lines": []}, "MediaData.cleanup_missing_torrents": {"executed_lines": [], "summary": {"covered_lines": 0, "num_statements": 1, "percent_covered": 0.0, "percent_covered_display": "0", "missing_lines": 1, "excluded_lines": 0}, "missing_lines": [503], "excluded_lines": []}, "MediaData.get_torrent_info": {"executed_lines": [], "summary": {"covered_lines": 0, "num_statements": 1, "percent_covered": 0.0, "percent_covered_display": "0", "missing_lines": 1, "excluded_lines": 0}, "missing_lines": [507], "excluded_lines": []}, "MediaData.set_tmdb_api_key": {"executed_lines": [], "summary": {"covered_lines": 0, "num_statements": 5, "percent_covered": 0.0, "percent_covered_display": "0", "missing_lines": 5, "excluded_lines": 0}, "missing_lines": [511, 512, 513, 514, 515], "excluded_lines": []}, "MediaData.create_scan_report": {"executed_lines": [], "summary": {"covered_lines": 0, "num_statements": 1, "percent_covered": 0.0, "percent_covered_display": "0", "missing_lines": 1, "excluded_lines": 0}, "missing_lines": [519], "excluded_lines": []}, "MediaData.create_organize_report": {"executed_lines": [], "summary": {"covered_lines": 0, "num_statements": 1, "percent_covered": 0.0, "percent_covered_display": "0", "missing_lines": 1, "excluded_lines": 0}, "missing_lines": [523], "excluded_lines": []}, "MediaData.__repr__": {"executed_lines": [527], "summary": {"covered_lines": 0, "num_statements": 0, "percent_covered": 100.0, "percent_covered_display": "100", "missing_lines": 0, "excluded_lines": 2}, "missing_lines": [], "excluded_lines": [526, 527]}, "MediaData.__str__": {"executed_lines": [531, 532], "summary": {"covered_lines": 2, "num_statements": 2, "percent_covered": 100.0, "percent_covered_display": "100", "missing_lines": 0, "excluded_lines": 0}, "missing_lines": [], "excluded_lines": []}, "MediaData.__enter__": {"executed_lines": [542], "summary": {"covered_lines": 1, "num_statements": 1, "percent_covered": 100.0, "percent_covered_display": "100", "missing_lines": 0, "excluded_lines": 0}, "missing_lines": [], "excluded_lines": []}, "MediaData.__exit__": {"executed_lines": [546, 547, 550], "summary": {"covered_lines": 3, "num_statements": 3, "percent_covered": 100.0, "percent_covered_display": "100", "missing_lines": 0, "excluded_lines": 0}, "missing_lines": [], "excluded_lines": []}, "process_media": {"executed_lines": [574, 580], "summary": {"covered_lines": 2, "num_statements": 2, "percent_covered": 100.0, "percent_covered_display": "100", "missing_lines": 0, "excluded_lines": 0}, "missing_lines": [], "excluded_lines": []}, "": {"executed_lines": [1, 29, 30, 31, 32, 33, 34, 35, 38, 39, 46, 55, 56, 59, 60, 61, 62, 63, 64, 65, 66, 67, 68, 70, 79, 95, 104, 105, 116, 182, 215, 232, 265, 297, 333, 383, 474, 489, 493, 497, 501, 505, 509, 517, 521, 525, 529, 540, 544, 554], "summary": {"covered_lines": 46, "num_statements": 46, "percent_covered": 100.0, "percent_covered_display": "100", "missing_lines": 0, "excluded_lines": 1}, "missing_lines": [], "excluded_lines": [525]}}, "classes": {"ProcessingStats": {"executed_lines": [72, 74, 76, 81, 97, 98, 99, 100], "summary": {"covered_lines": 8, "num_statements": 9, "percent_covered": 88.88888888888889, "percent_covered_display": "89", "missing_lines": 1, "excluded_lines": 0}, "missing_lines": [101], "excluded_lines": []}, "MediaData": {"executed_lines": [136, 137, 138, 139, 140, 141, 142, 145, 148, 154, 161, 162, 163, 166, 169, 179, 180, 185, 186, 189, 190, 193, 195, 196, 197, 200, 201, 204, 207, 208, 210, 211, 213, 226, 227, 228, 229, 245, 248, 250, 251, 254, 257, 258, 260, 261, 263, 312, 314, 319, 320, 325, 328, 329, 331, 347, 349, 353, 355, 357, 358, 362, 363, 366, 370, 373, 374, 378, 379, 381, 398, 400, 401, 402, 403, 405, 407, 408, 410, 412, 414, 415, 417, 418, 420, 421, 422, 459, 462, 463, 464, 466, 467, 468, 470, 476, 477, 480, 487, 527, 531, 532, 542, 546, 547, 550], "summary": {"covered_lines": 105, "num_statements": 162, "percent_covered": 64.81481481481481, "percent_covered_display": "65", "missing_lines": 57, "excluded_lines": 2}, "missing_lines": [276, 277, 278, 279, 280, 281, 284, 285, 286, 287, 290, 291, 293, 295, 315, 316, 321, 322, 350, 351, 359, 376, 409, 425, 426, 428, 431, 432, 433, 434, 436, 437, 438, 441, 442, 444, 445, 447, 448, 450, 452, 454, 455, 456, 472, 491, 495, 499, 503, 507, 511, 512, 513, 514, 515, 519, 523], "excluded_lines": [526, 527]}, "": {"executed_lines": [1, 29, 30, 31, 32, 33, 34, 35, 38, 39, 46, 55, 56, 59, 60, 61, 62, 63, 64, 65, 66, 67, 68, 70, 79, 95, 104, 105, 116, 182, 215, 232, 265, 297, 333, 383, 474, 489, 493, 497, 501, 505, 509, 517, 521, 525, 529, 540, 544, 554, 574, 580], "summary": {"covered_lines": 48, "num_statements": 48, "percent_covered": 100.0, "percent_covered_display": "100", "missing_lines": 0, "excluded_lines": 1}, "missing_lines": [], "excluded_lines": [525]}}}, "src/metadata.py": {"executed_lines": [1, 12, 13, 14, 15, 16, 17, 18, 19, 20, 21, 22, 23, 24, 25, 27, 28, 30, 31, 32, 35, 36, 37, 38, 39, 40, 41, 42, 43, 44, 47, 48, 49, 50, 51, 52, 53, 54, 57, 58, 59, 60, 61, 62, 63, 64, 65, 66, 67, 69, 71, 83, 84, 85, 86, 87, 88, 89, 90, 91, 92, 93, 95, 97, 109, 110, 112, 113, 114, 115, 116, 121, 124, 126, 130, 136, 137, 140, 141, 142, 143, 145, 146, 147, 148, 149, 152, 153, 154, 155, 156, 157, 161, 162, 163, 164, 166, 168, 171, 177, 180, 181, 182, 183, 184, 189, 191, 194, 200, 201, 202, 203, 208, 227, 247, 248, 250, 251, 252, 254, 269, 284, 293, 302, 311, 312, 315, 316, 323, 326, 327, 329, 342, 345, 346, 347, 350, 353, 354, 355, 358, 361, 362, 363, 364, 365, 387, 389, 390, 408, 410, 411, 430, 432, 433, 434, 438, 448, 451, 452, 454, 458, 459, 460, 461, 462, 467, 468, 469, 470, 471, 473, 474, 475, 479, 480, 481, 485, 500, 502, 503, 504, 505, 508, 510, 550, 556, 559, 562, 564, 566, 570, 571, 575, 577, 580, 581, 585, 586, 589, 590, 593, 595, 599, 602, 610, 626, 628, 636, 638, 640, 643, 644, 646, 647, 649, 650, 653, 654, 655, 660, 664, 666, 668, 670, 672, 677, 690, 711, 802, 803, 805, 806, 807, 808, 809, 811, 823, 825, 826, 828, 830, 834, 842, 843, 845, 846, 851, 852, 853, 855, 856, 857, 859, 863, 881, 883, 884, 885, 887, 888, 911, 925, 929, 930, 931, 932, 943, 944, 945, 946, 952, 954, 957, 958, 959, 960, 963, 964, 965, 966, 967, 972, 973, 976, 977, 978, 979, 980, 981, 984, 985, 988, 991, 992, 993, 996, 997, 998, 1001, 1002, 1003, 1004, 1005, 1006, 1009, 1010, 1012, 1016, 1018, 1020, 1023, 1024, 1025, 1028, 1029, 1030, 1031, 1032, 1037, 1038, 1039, 1042, 1043, 1044, 1045, 1046, 1047, 1050, 1051, 1054, 1055, 1058, 1059, 1061, 1063, 1096, 1119, 1207, 1290, 1292, 1293, 1294, 1297, 1299, 1300, 1303, 1304, 1307, 1309, 1310, 1313, 1314, 1317, 1320, 1321, 1323, 1324, 1326, 1329, 1345, 1346, 1347, 1349, 1351, 1353, 1354, 1355, 1357, 1360, 1361, 1364, 1365, 1366, 1371, 1372, 1374, 1375, 1377, 1378, 1387, 1389], "summary": {"covered_lines": 373, "num_statements": 772, "percent_covered": 48.3160621761658, "percent_covered_display": "48", "missing_lines": 399, "excluded_lines": 0}, "missing_lines": [122, 127, 128, 159, 169, 178, 185, 186, 187, 192, 204, 205, 206, 210, 211, 213, 219, 220, 221, 222, 223, 224, 225, 229, 230, 232, 237, 238, 239, 240, 241, 242, 243, 244, 256, 258, 259, 260, 263, 264, 265, 266, 267, 271, 273, 274, 275, 278, 279, 280, 281, 282, 286, 287, 288, 289, 290, 291, 295, 296, 297, 298, 299, 300, 304, 305, 306, 307, 308, 348, 349, 356, 357, 366, 369, 370, 371, 372, 373, 374, 377, 378, 379, 380, 381, 382, 384, 385, 393, 395, 396, 397, 398, 401, 402, 403, 404, 406, 414, 417, 418, 419, 420, 423, 424, 425, 426, 428, 435, 455, 463, 464, 476, 477, 482, 483, 496, 497, 498, 507, 512, 513, 516, 519, 520, 521, 522, 523, 524, 526, 527, 528, 529, 531, 533, 536, 537, 540, 541, 542, 545, 546, 548, 554, 560, 567, 572, 576, 582, 594, 596, 621, 622, 624, 656, 657, 661, 674, 675, 679, 681, 682, 685, 686, 688, 692, 693, 696, 697, 698, 701, 702, 703, 704, 705, 707, 709, 714, 715, 717, 720, 721, 724, 725, 726, 728, 729, 730, 731, 732, 733, 734, 737, 739, 740, 743, 746, 749, 750, 753, 754, 757, 768, 769, 772, 774, 775, 776, 778, 780, 781, 782, 785, 786, 788, 789, 791, 835, 847, 848, 860, 861, 873, 874, 875, 890, 891, 892, 893, 894, 897, 900, 903, 904, 905, 907, 909, 914, 915, 916, 918, 919, 922, 923, 933, 934, 935, 936, 938, 939, 941, 948, 949, 950, 968, 969, 1013, 1014, 1033, 1034, 1066, 1069, 1070, 1073, 1074, 1075, 1076, 1079, 1080, 1083, 1084, 1087, 1088, 1089, 1090, 1091, 1092, 1094, 1100, 1101, 1102, 1103, 1104, 1105, 1106, 1108, 1110, 1111, 1112, 1113, 1115, 1116, 1117, 1121, 1124, 1127, 1128, 1129, 1130, 1131, 1132, 1133, 1135, 1138, 1141, 1142, 1143, 1145, 1146, 1147, 1149, 1150, 1151, 1152, 1155, 1158, 1161, 1162, 1165, 1166, 1167, 1168, 1171, 1172, 1173, 1174, 1175, 1177, 1180, 1181, 1182, 1183, 1184, 1185, 1188, 1189, 1190, 1192, 1193, 1194, 1196, 1197, 1198, 1201, 1202, 1203, 1205, 1209, 1212, 1215, 1216, 1217, 1218, 1219, 1220, 1221, 1223, 1230, 1233, 1234, 1235, 1236, 1237, 1238, 1239, 1240, 1241, 1242, 1245, 1248, 1249, 1250, 1251, 1254, 1255, 1256, 1257, 1258, 1260, 1263, 1264, 1265, 1266, 1267, 1268, 1271, 1272, 1273, 1275, 1276, 1277, 1279, 1280, 1281, 1284, 1285, 1286, 1288, 1368], "excluded_lines": [], "functions": {"MediaIdentification.to_dict": {"executed_lines": [71], "summary": {"covered_lines": 1, "num_statements": 1, "percent_covered": 100.0, "percent_covered_display": "100", "missing_lines": 0, "excluded_lines": 0}, "missing_lines": [], "excluded_lines": []}, "MetadataResult.to_dict": {"executed_lines": [97], "summary": {"covered_lines": 1, "num_statements": 1, "percent_covered": 100.0, "percent_covered_display": "100", "missing_lines": 0, "excluded_lines": 0}, "missing_lines": [], "excluded_lines": []}, "TMDBClient.__init__": {"executed_lines": [113, 114, 115, 116, 121], "summary": {"covered_lines": 5, "num_statements": 6, "percent_covered": 83.33333333333333, "percent_covered_display": "83", "missing_lines": 1, "excluded_lines": 0}, "missing_lines": [122], "excluded_lines": []}, "TMDBClient.search_movie": {"executed_lines": [126, 130, 136, 137, 140, 141, 142, 143, 145, 146, 147, 148, 149, 152, 153, 154, 155, 156, 157, 161, 162, 163, 164], "summary": {"covered_lines": 23, "num_statements": 26, "percent_covered": 88.46153846153847, "percent_covered_display": "88", "missing_lines": 3, "excluded_lines": 0}, "missing_lines": [127, 128, 159], "excluded_lines": []}, "TMDBClient.search_tv": {"executed_lines": [168, 171, 177, 180, 181, 182, 183, 184], "summary": {"covered_lines": 8, "num_statements": 13, "percent_covered": 61.53846153846154, "percent_covered_display": "62", "missing_lines": 5, "excluded_lines": 0}, "missing_lines": [169, 178, 185, 186, 187], "excluded_lines": []}, "TMDBClient.get_movie_details": {"executed_lines": [191, 194, 200, 201, 202, 203], "summary": {"covered_lines": 6, "num_statements": 10, "percent_covered": 60.0, "percent_covered_display": "60", "missing_lines": 4, "excluded_lines": 0}, "missing_lines": [192, 204, 205, 206], "excluded_lines": []}, "TMDBClient.get_tv_details": {"executed_lines": [], "summary": {"covered_lines": 0, "num_statements": 10, "percent_covered": 0.0, "percent_covered_display": "0", "missing_lines": 10, "excluded_lines": 0}, "missing_lines": [210, 211, 213, 219, 220, 221, 222, 223, 224, 225], "excluded_lines": []}, "TMDBClient.get_tv_episode_details": {"executed_lines": [], "summary": {"covered_lines": 0, "num_statements": 11, "percent_covered": 0.0, "percent_covered_display": "0", "missing_lines": 11, "excluded_lines": 0}, "missing_lines": [229, 230, 232, 237, 238, 239, 240, 241, 242, 243, 244], "excluded_lines": []}, "GoodreadsClient.__init__": {"executed_lines": [251, 252], "summary": {"covered_lines": 2, "num_statements": 2, "percent_covered": 100.0, "percent_covered_display": "100", "missing_lines": 0, "excluded_lines": 0}, "missing_lines": [], "excluded_lines": []}, "GoodreadsClient.search_book": {"executed_lines": [], "summary": {"covered_lines": 0, "num_statements": 9, "percent_covered": 0.0, "percent_covered_display": "0", "missing_lines": 9, "excluded_lines": 0}, "missing_lines": [256, 258, 259, 260, 263, 264, 265, 266, 267], "excluded_lines": []}, "GoodreadsClient.search_book_detailed": {"executed_lines": [], "summary": {"covered_lines": 0, "num_statements": 9, "percent_covered": 0.0, "percent_covered_display": "0", "missing_lines": 9, "excluded_lines": 0}, "missing_lines": [271, 273, 274, 275, 278, 279, 280, 281, 282], "excluded_lines": []}, "GoodreadsClient.get_book_data": {"executed_lines": [], "summary": {"covered_lines": 0, "num_statements": 6, "percent_covered": 0.0, "percent_covered_display": "0", "missing_lines": 6, "excluded_lines": 0}, "missing_lines": [286, 287, 288, 289, 290, 291], "excluded_lines": []}, "GoodreadsClient.get_reviews": {"executed_lines": [], "summary": {"covered_lines": 0, "num_statements": 6, "percent_covered": 0.0, "percent_covered_display": "0", "missing_lines": 6, "excluded_lines": 0}, "missing_lines": [295, 296, 297, 298, 299, 300], "excluded_lines": []}, "GoodreadsClient.clear_cache": {"executed_lines": [], "summary": {"covered_lines": 0, "num_statements": 5, "percent_covered": 0.0, "percent_covered_display": "0", "missing_lines": 5, "excluded_lines": 0}, "missing_lines": [304, 305, 306, 307, 308], "excluded_lines": []}, "MediaIdentifier.__init__": {"executed_lines": [327], "summary": {"covered_lines": 1, "num_statements": 1, "percent_covered": 100.0, "percent_covered_display": "100", "missing_lines": 0, "excluded_lines": 0}, "missing_lines": [], "excluded_lines": []}, "MediaIdentifier.identify_from_torrent_match": {"executed_lines": [342, 345, 346, 347, 350, 353, 354, 355, 358, 361, 362, 363, 364, 365], "summary": {"covered_lines": 14, "num_statements": 33, "percent_covered": 42.42424242424242, "percent_covered_display": "42", "missing_lines": 19, "excluded_lines": 0}, "missing_lines": [348, 349, 356, 357, 366, 369, 370, 371, 372, 373, 374, 377, 378, 379, 380, 381, 382, 384, 385], "excluded_lines": []}, "MediaIdentifier._identify_from_metadata_nfos": {"executed_lines": [389, 390], "summary": {"covered_lines": 2, "num_statements": 12, "percent_covered": 16.666666666666668, "percent_covered_display": "17", "missing_lines": 10, "excluded_lines": 0}, "missing_lines": [393, 395, 396, 397, 398, 401, 402, 403, 404, 406], "excluded_lines": []}, "MediaIdentifier._identify_from_data_nfos": {"executed_lines": [410, 411], "summary": {"covered_lines": 2, "num_statements": 12, "percent_covered": 16.666666666666668, "percent_covered_display": "17", "missing_lines": 10, "excluded_lines": 0}, "missing_lines": [414, 417, 418, 419, 420, 423, 424, 425, 426, 428], "excluded_lines": []}, "MediaIdentifier._parse_nfo_for_identification": {"executed_lines": [432, 433, 434, 438, 448, 451, 452, 454, 458, 459, 460, 461, 462, 467, 468, 469, 470, 471, 473, 474, 475, 479, 480, 481, 485], "summary": {"covered_lines": 25, "num_statements": 36, "percent_covered": 69.44444444444444, "percent_covered_display": "69", "missing_lines": 11, "excluded_lines": 0}, "missing_lines": [435, 455, 463, 464, 476, 477, 482, 483, 496, 497, 498], "excluded_lines": []}, "MediaIdentifier._identify_from_torrent_name": {"executed_lines": [502, 503, 504, 505, 508], "summary": {"covered_lines": 5, "num_statements": 6, "percent_covered": 83.33333333333333, "percent_covered_display": "83", "missing_lines": 1, "excluded_lines": 0}, "missing_lines": [507], "excluded_lines": []}, "MediaIdentifier._identify_from_filenames": {"executed_lines": [], "summary": {"covered_lines": 0, "num_statements": 23, "percent_covered": 0.0, "percent_covered_display": "0", "missing_lines": 23, "excluded_lines": 0}, "missing_lines": [512, 513, 516, 519, 520, 521, 522, 523, 524, 526, 527, 528, 529, 531, 533, 536, 537, 540, 541, 542, 545, 546, 548], "excluded_lines": []}, "MediaIdentifier._identify_from_media_tags": {"executed_lines": [], "summary": {"covered_lines": 0, "num_statements": 1, "percent_covered": 0.0, "percent_covered_display": "0", "missing_lines": 1, "excluded_lines": 0}, "missing_lines": [554], "excluded_lines": []}, "MediaIdentifier._parse_name_with_guessit": {"executed_lines": [559, 562, 564, 566, 570, 571, 575, 577, 580, 581, 585, 586, 589, 590, 593, 595, 599, 602, 610], "summary": {"covered_lines": 19, "num_statements": 29, "percent_covered": 65.51724137931035, "percent_covered_display": "66", "missing_lines": 10, "excluded_lines": 0}, "missing_lines": [560, 567, 572, 576, 582, 594, 596, 621, 622, 624], "excluded_lines": []}, "MediaIdentifier._map_guessit_type": {"executed_lines": [628, 636], "summary": {"covered_lines": 2, "num_statements": 2, "percent_covered": 100.0, "percent_covered_display": "100", "missing_lines": 0, "excluded_lines": 0}, "missing_lines": [], "excluded_lines": []}, "MediaIdentifier._calculate_guessit_confidence": {"executed_lines": [640, 643, 644, 646, 647, 649, 650, 653, 654, 655, 660, 664], "summary": {"covered_lines": 12, "num_statements": 15, "percent_covered": 80.0, "percent_covered_display": "80", "missing_lines": 3, "excluded_lines": 0}, "missing_lines": [656, 657, 661], "excluded_lines": []}, "MediaIdentifier._is_video_file": {"executed_lines": [668, 670], "summary": {"covered_lines": 2, "num_statements": 2, "percent_covered": 100.0, "percent_covered_display": "100", "missing_lines": 0, "excluded_lines": 0}, "missing_lines": [], "excluded_lines": []}, "MediaIdentifier._is_book_file": {"executed_lines": [], "summary": {"covered_lines": 0, "num_statements": 2, "percent_covered": 0.0, "percent_covered_display": "0", "missing_lines": 2, "excluded_lines": 0}, "missing_lines": [674, 675], "excluded_lines": []}, "MediaIdentifier._is_audiobook_file": {"executed_lines": [], "summary": {"covered_lines": 0, "num_statements": 6, "percent_covered": 0.0, "percent_covered_display": "0", "missing_lines": 6, "excluded_lines": 0}, "missing_lines": [679, 681, 682, 685, 686, 688], "excluded_lines": []}, "MediaIdentifier._detect_media_type_from_files": {"executed_lines": [], "summary": {"covered_lines": 0, "num_statements": 12, "percent_covered": 0.0, "percent_covered_display": "0", "missing_lines": 12, "excluded_lines": 0}, "missing_lines": [692, 693, 696, 697, 698, 701, 702, 703, 704, 705, 707, 709], "excluded_lines": []}, "MediaIdentifier._parse_name_for_identification_manual": {"executed_lines": [], "summary": {"covered_lines": 0, "num_statements": 40, "percent_covered": 0.0, "percent_covered_display": "0", "missing_lines": 40, "excluded_lines": 0}, "missing_lines": [714, 715, 717, 720, 721, 724, 725, 726, 728, 729, 730, 731, 732, 733, 734, 737, 739, 740, 743, 746, 749, 750, 753, 754, 757, 768, 769, 772, 774, 775, 776, 778, 780, 781, 782, 785, 786, 788, 789, 791], "excluded_lines": []}, "MetadataProcessor.__init__": {"executed_lines": [806, 807, 808, 809], "summary": {"covered_lines": 4, "num_statements": 4, "percent_covered": 100.0, "percent_covered_display": "100", "missing_lines": 0, "excluded_lines": 0}, "missing_lines": [], "excluded_lines": []}, "MetadataProcessor.process_torrent_match": {"executed_lines": [823, 825, 826, 828, 830, 834, 842, 843, 845, 846, 851, 852, 853, 855, 856, 857, 859, 863], "summary": {"covered_lines": 18, "num_statements": 26, "percent_covered": 69.23076923076923, "percent_covered_display": "69", "missing_lines": 8, "excluded_lines": 0}, "missing_lines": [835, 847, 848, 860, 861, 873, 874, 875], "excluded_lines": []}, "MetadataProcessor._fetch_tmdb_data": {"executed_lines": [883, 884, 885, 887, 888], "summary": {"covered_lines": 5, "num_statements": 17, "percent_covered": 29.41176470588235, "percent_covered_display": "29", "missing_lines": 12, "excluded_lines": 0}, "missing_lines": [890, 891, 892, 893, 894, 897, 900, 903, 904, 905, 907, 909], "excluded_lines": []}, "MetadataProcessor._fetch_goodreads_data": {"executed_lines": [], "summary": {"covered_lines": 0, "num_statements": 7, "percent_covered": 0.0, "percent_covered_display": "0", "missing_lines": 7, "excluded_lines": 0}, "missing_lines": [914, 915, 916, 918, 919, 922, 923], "excluded_lines": []}, "MetadataProcessor._create_nfo_from_tmdb": {"executed_lines": [929, 930, 931, 932, 943, 944, 945, 946], "summary": {"covered_lines": 8, "num_statements": 18, "percent_covered": 44.44444444444444, "percent_covered_display": "44", "missing_lines": 10, "excluded_lines": 0}, "missing_lines": [933, 934, 935, 936, 938, 939, 941, 948, 949, 950], "excluded_lines": []}, "MetadataProcessor._create_movie_nfo": {"executed_lines": [954, 957, 958, 959, 960, 963, 964, 965, 966, 967, 972, 973, 976, 977, 978, 979, 980, 981, 984, 985, 988, 991, 992, 993, 996, 997, 998, 1001, 1002, 1003, 1004, 1005, 1006, 1009, 1010, 1012, 1016], "summary": {"covered_lines": 37, "num_statements": 41, "percent_covered": 90.2439024390244, "percent_covered_display": "90", "missing_lines": 4, "excluded_lines": 0}, "missing_lines": [968, 969, 1013, 1014], "excluded_lines": []}, "MetadataProcessor._create_tvshow_nfo": {"executed_lines": [1020, 1023, 1024, 1025, 1028, 1029, 1030, 1031, 1032, 1037, 1038, 1039, 1042, 1043, 1044, 1045, 1046, 1047, 1050, 1051, 1054, 1055, 1058, 1059, 1061], "summary": {"covered_lines": 25, "num_statements": 27, "percent_covered": 92.5925925925926, "percent_covered_display": "93", "missing_lines": 2, "excluded_lines": 0}, "missing_lines": [1033, 1034], "excluded_lines": []}, "MetadataProcessor._create_episode_nfo": {"executed_lines": [], "summary": {"covered_lines": 0, "num_statements": 18, "percent_covered": 0.0, "percent_covered_display": "0", "missing_lines": 18, "excluded_lines": 0}, "missing_lines": [1066, 1069, 1070, 1073, 1074, 1075, 1076, 1079, 1080, 1083, 1084, 1087, 1088, 1089, 1090, 1091, 1092, 1094], "excluded_lines": []}, "MetadataProcessor._create_nfo_from_goodreads": {"executed_lines": [], "summary": {"covered_lines": 0, "num_statements": 15, "percent_covered": 0.0, "percent_covered_display": "0", "missing_lines": 15, "excluded_lines": 0}, "missing_lines": [1100, 1101, 1102, 1103, 1104, 1105, 1106, 1108, 1110, 1111, 1112, 1113, 1115, 1116, 1117], "excluded_lines": []}, "MetadataProcessor._create_book_nfo": {"executed_lines": [], "summary": {"covered_lines": 0, "num_statements": 54, "percent_covered": 0.0, "percent_covered_display": "0", "missing_lines": 54, "excluded_lines": 0}, "missing_lines": [1121, 1124, 1127, 1128, 1129, 1130, 1131, 1132, 1133, 1135, 1138, 1141, 1142, 1143, 1145, 1146, 1147, 1149, 1150, 1151, 1152, 1155, 1158, 1161, 1162, 1165, 1166, 1167, 1168, 1171, 1172, 1173, 1174, 1175, 1177, 1180, 1181, 1182, 1183, 1184, 1185, 1188, 1189, 1190, 1192, 1193, 1194, 1196, 1197, 1198, 1201, 1202, 1203, 1205], "excluded_lines": []}, "MetadataProcessor._create_audiobook_nfo": {"executed_lines": [], "summary": {"covered_lines": 0, "num_statements": 51, "percent_covered": 0.0, "percent_covered_display": "0", "missing_lines": 51, "excluded_lines": 0}, "missing_lines": [1209, 1212, 1215, 1216, 1217, 1218, 1219, 1220, 1221, 1223, 1230, 1233, 1234, 1235, 1236, 1237, 1238, 1239, 1240, 1241, 1242, 1245, 1248, 1249, 1250, 1251, 1254, 1255, 1256, 1257, 1258, 1260, 1263, 1264, 1265, 1266, 1267, 1268, 1271, 1272, 1273, 1275, 1276, 1277, 1279, 1280, 1281, 1284, 1285, 1286, 1288], "excluded_lines": []}, "MetadataProcessor._add_element": {"executed_lines": [1292, 1293, 1294], "summary": {"covered_lines": 3, "num_statements": 3, "percent_covered": 100.0, "percent_covered_display": "100", "missing_lines": 0, "excluded_lines": 0}, "missing_lines": [], "excluded_lines": []}, "setup_metadata_logging": {"executed_lines": [1299, 1300, 1303, 1304, 1307, 1309, 1310, 1313, 1314, 1317, 1320, 1321, 1323, 1324, 1326], "summary": {"covered_lines": 15, "num_statements": 15, "percent_covered": 100.0, "percent_covered_display": "100", "missing_lines": 0, "excluded_lines": 0}, "missing_lines": [], "excluded_lines": []}, "process_torrents_metadata": {"executed_lines": [1345, 1346, 1347, 1349, 1351, 1353, 1354, 1355, 1357, 1360, 1361, 1364, 1365, 1366, 1371, 1372, 1374, 1375, 1377, 1378, 1387, 1389], "summary": {"covered_lines": 22, "num_statements": 23, "percent_covered": 95.65217391304348, "percent_covered_display": "96", "missing_lines": 1, "excluded_lines": 0}, "missing_lines": [1368], "excluded_lines": []}, "": {"executed_lines": [1, 12, 13, 14, 15, 16, 17, 18, 19, 20, 21, 22, 23, 24, 25, 27, 28, 30, 31, 32, 35, 36, 37, 38, 39, 40, 41, 42, 43, 44, 47, 48, 49, 50, 51, 52, 53, 54, 57, 58, 59, 60, 61, 62, 63, 64, 65, 66, 67, 69, 83, 84, 85, 86, 87, 88, 89, 90, 91, 92, 93, 95, 109, 110, 112, 124, 166, 189, 208, 227, 247, 248, 250, 254, 269, 284, 293, 302, 311, 312, 315, 316, 323, 326, 329, 387, 408, 430, 500, 510, 550, 556, 626, 638, 666, 672, 677, 690, 711, 802, 803, 805, 811, 881, 911, 925, 952, 1018, 1063, 1096, 1119, 1207, 1290, 1297, 1329], "summary": {"covered_lines": 106, "num_statements": 106, "percent_covered": 100.0, "percent_covered_display": "100", "missing_lines": 0, "excluded_lines": 0}, "missing_lines": [], "excluded_lines": []}}, "classes": {"MediaType": {"executed_lines": [], "summary": {"covered_lines": 0, "num_statements": 0, "percent_covered": 100.0, "percent_covered_display": "100", "missing_lines": 0, "excluded_lines": 0}, "missing_lines": [], "excluded_lines": []}, "IdentificationSource": {"executed_lines": [], "summary": {"covered_lines": 0, "num_statements": 0, "percent_covered": 100.0, "percent_covered_display": "100", "missing_lines": 0, "excluded_lines": 0}, "missing_lines": [], "excluded_lines": []}, "MediaIdentification": {"executed_lines": [71], "summary": {"covered_lines": 1, "num_statements": 1, "percent_covered": 100.0, "percent_covered_display": "100", "missing_lines": 0, "excluded_lines": 0}, "missing_lines": [], "excluded_lines": []}, "MetadataResult": {"executed_lines": [97], "summary": {"covered_lines": 1, "num_statements": 1, "percent_covered": 100.0, "percent_covered_display": "100", "missing_lines": 0, "excluded_lines": 0}, "missing_lines": [], "excluded_lines": []}, "TMDBClient": {"executed_lines": [113, 114, 115, 116, 121, 126, 130, 136, 137, 140, 141, 142, 143, 145, 146, 147, 148, 149, 152, 153, 154, 155, 156, 157, 161, 162, 163, 164, 168, 171, 177, 180, 181, 182, 183, 184, 191, 194, 200, 201, 202, 203], "summary": {"covered_lines": 42, "num_statements": 76, "percent_covered": 55.26315789473684, "percent_covered_display": "55", "missing_lines": 34, "excluded_lines": 0}, "missing_lines": [122, 127, 128, 159, 169, 178, 185, 186, 187, 192, 204, 205, 206, 210, 211, 213, 219, 220, 221, 222, 223, 224, 225, 229, 230, 232, 237, 238, 239, 240, 241, 242, 243, 244], "excluded_lines": []}, "GoodreadsClient": {"executed_lines": [251, 252], "summary": {"covered_lines": 2, "num_statements": 37, "percent_covered": 5.405405405405405, "percent_covered_display": "5", "missing_lines": 35, "excluded_lines": 0}, "missing_lines": [256, 258, 259, 260, 263, 264, 265, 266, 267, 271, 273, 274, 275, 278, 279, 280, 281, 282, 286, 287, 288, 289, 290, 291, 295, 296, 297, 298, 299, 300, 304, 305, 306, 307, 308], "excluded_lines": []}, "MediaIdentifier": {"executed_lines": [327, 342, 345, 346, 347, 350, 353, 354, 355, 358, 361, 362, 363, 364, 365, 389, 390, 410, 411, 432, 433, 434, 438, 448, 451, 452, 454, 458, 459, 460, 461, 462, 467, 468, 469, 470, 471, 473, 474, 475, 479, 480, 481, 485, 502, 503, 504, 505, 508, 559, 562, 564, 566, 570, 571, 575, 577, 580, 581, 585, 586, 589, 590, 593, 595, 599, 602, 610, 628, 636, 640, 643, 644, 646, 647, 649, 650, 653, 654, 655, 660, 664, 668, 670], "summary": {"covered_lines": 84, "num_statements": 232, "percent_covered": 36.206896551724135, "percent_covered_display": "36", "missing_lines": 148, "excluded_lines": 0}, "missing_lines": [348, 349, 356, 357, 366, 369, 370, 371, 372, 373, 374, 377, 378, 379, 380, 381, 382, 384, 385, 393, 395, 396, 397, 398, 401, 402, 403, 404, 406, 414, 417, 418, 419, 420, 423, 424, 425, 426, 428, 435, 455, 463, 464, 476, 477, 482, 483, 496, 497, 498, 507, 512, 513, 516, 519, 520, 521, 522, 523, 524, 526, 527, 528, 529, 531, 533, 536, 537, 540, 541, 542, 545, 546, 548, 554, 560, 567, 572, 576, 582, 594, 596, 621, 622, 624, 656, 657, 661, 674, 675, 679, 681, 682, 685, 686, 688, 692, 693, 696, 697, 698, 701, 702, 703, 704, 705, 707, 709, 714, 715, 717, 720, 721, 724, 725, 726, 728, 729, 730, 731, 732, 733, 734, 737, 739, 740, 743, 746, 749, 750, 753, 754, 757, 768, 769, 772, 774, 775, 776, 778, 780, 781, 782, 785, 786, 788, 789, 791], "excluded_lines": []}, "MetadataProcessor": {"executed_lines": [806, 807, 808, 809, 823, 825, 826, 828, 830, 834, 842, 843, 845, 846, 851, 852, 853, 855, 856, 857, 859, 863, 883, 884, 885, 887, 888, 929, 930, 931, 932, 943, 944, 945, 946, 954, 957, 958, 959, 960, 963, 964, 965, 966, 967, 972, 973, 976, 977, 978, 979, 980, 981, 984, 985, 988, 991, 992, 993, 996, 997, 998, 1001, 1002, 1003, 1004, 1005, 1006, 1009, 1010, 1012, 1016, 1020, 1023, 1024, 1025, 1028, 1029, 1030, 1031, 1032, 1037, 1038, 1039, 1042, 1043, 1044, 1045, 1046, 1047, 1050, 1051, 1054, 1055, 1058, 1059, 1061, 1292, 1293, 1294], "summary": {"covered_lines": 100, "num_statements": 281, "percent_covered": 35.587188612099645, "percent_covered_display": "36", "missing_lines": 181, "excluded_lines": 0}, "missing_lines": [835, 847, 848, 860, 861, 873, 874, 875, 890, 891, 892, 893, 894, 897, 900, 903, 904, 905, 907, 909, 914, 915, 916, 918, 919, 922, 923, 933, 934, 935, 936, 938, 939, 941, 948, 949, 950, 968, 969, 1013, 1014, 1033, 1034, 1066, 1069, 1070, 1073, 1074, 1075, 1076, 1079, 1080, 1083, 1084, 1087, 1088, 1089, 1090, 1091, 1092, 1094, 1100, 1101, 1102, 1103, 1104, 1105, 1106, 1108, 1110, 1111, 1112, 1113, 1115, 1116, 1117, 1121, 1124, 1127, 1128, 1129, 1130, 1131, 1132, 1133, 1135, 1138, 1141, 1142, 1143, 1145, 1146, 1147, 1149, 1150, 1151, 1152, 1155, 1158, 1161, 1162, 1165, 1166, 1167, 1168, 1171, 1172, 1173, 1174, 1175, 1177, 1180, 1181, 1182, 1183, 1184, 1185, 1188, 1189, 1190, 1192, 1193, 1194, 1196, 1197, 1198, 1201, 1202, 1203, 1205, 1209, 1212, 1215, 1216, 1217, 1218, 1219, 1220, 1221, 1223, 1230, 1233, 1234, 1235, 1236, 1237, 1238, 1239, 1240, 1241, 1242, 1245, 1248, 1249, 1250, 1251, 1254, 1255, 1256, 1257, 1258, 1260, 1263, 1264, 1265, 1266, 1267, 1268, 1271, 1272, 1273, 1275, 1276, 1277, 1279, 1280, 1281, 1284, 1285, 1286, 1288], "excluded_lines": []}, "": {"executed_lines": [1, 12, 13, 14, 15, 16, 17, 18, 19, 20, 21, 22, 23, 24, 25, 27, 28, 30, 31, 32, 35, 36, 37, 38, 39, 40, 41, 42, 43, 44, 47, 48, 49, 50, 51, 52, 53, 54, 57, 58, 59, 60, 61, 62, 63, 64, 65, 66, 67, 69, 83, 84, 85, 86, 87, 88, 89, 90, 91, 92, 93, 95, 109, 110, 112, 124, 166, 189, 208, 227, 247, 248, 250, 254, 269, 284, 293, 302, 311, 312, 315, 316, 323, 326, 329, 387, 408, 430, 500, 510, 550, 556, 626, 638, 666, 672, 677, 690, 711, 802, 803, 805, 811, 881, 911, 925, 952, 1018, 1063, 1096, 1119, 1207, 1290, 1297, 1299, 1300, 1303, 1304, 1307, 1309, 1310, 1313, 1314, 1317, 1320, 1321, 1323, 1324, 1326, 1329, 1345, 1346, 1347, 1349, 1351, 1353, 1354, 1355, 1357, 1360, 1361, 1364, 1365, 1366, 1371, 1372, 1374, 1375, 1377, 1378, 1387, 1389], "summary": {"covered_lines": 143, "num_statements": 144, "percent_covered": 99.30555555555556, "percent_covered_display": "99", "missing_lines": 1, "excluded_lines": 0}, "missing_lines": [1368], "excluded_lines": []}}}, "src/organize.py": {"executed_lines": [1, 12, 13, 14, 15, 16, 17, 18, 19, 20, 21, 23, 24, 25, 28, 29, 30, 31, 32, 33, 36, 37, 38, 39, 40, 41, 44, 45, 46, 47, 48, 49, 50, 51, 52, 55, 56, 57, 58, 59, 60, 61, 62, 63, 64, 67, 68, 70, 86, 87, 88, 89, 90, 93, 94, 96, 129, 139, 140, 143, 144, 145, 146, 148, 150, 152, 153, 154, 155, 158, 159, 165, 168, 169, 170, 173, 174, 175, 176, 177, 178, 179, 185, 186, 189, 191, 210, 212, 214, 217, 219, 220, 222, 225, 228, 230, 236, 238, 240, 242, 243, 245, 246, 248, 251, 252, 253, 254, 255, 257, 258, 259, 260, 261, 284, 286, 287, 290, 293, 294, 297, 300, 301, 316, 318, 319, 321, 346, 347, 349, 351, 352, 353, 354, 356, 358, 365, 366, 367, 369, 370, 371, 373, 374, 375, 376, 377, 378, 379, 383, 391, 393, 394, 395, 397, 398, 399, 402, 403, 404, 405, 406, 408, 425, 427, 428, 429, 430, 434], "summary": {"covered_lines": 163, "num_statements": 220, "percent_covered": 74.0909090909091, "percent_covered_display": "74", "missing_lines": 57, "excluded_lines": 0}, "missing_lines": [109, 110, 111, 112, 114, 115, 116, 117, 119, 120, 121, 123, 124, 125, 127, 180, 181, 182, 200, 201, 249, 262, 264, 266, 267, 268, 271, 272, 273, 274, 275, 278, 279, 280, 282, 298, 303, 304, 305, 306, 308, 309, 310, 311, 314, 359, 380, 381, 431, 454, 462, 463, 465, 466, 467, 469, 471], "excluded_lines": [], "functions": {"LibraryOrganizer.__init__": {"executed_lines": [86, 87, 88, 89, 90, 93, 94], "summary": {"covered_lines": 7, "num_statements": 7, "percent_covered": 100.0, "percent_covered_display": "100", "missing_lines": 0, "excluded_lines": 0}, "missing_lines": [], "excluded_lines": []}, "LibraryOrganizer.organize_matches": {"executed_lines": [], "summary": {"covered_lines": 0, "num_statements": 15, "percent_covered": 0.0, "percent_covered_display": "0", "missing_lines": 15, "excluded_lines": 0}, "missing_lines": [109, 110, 111, 112, 114, 115, 116, 117, 119, 120, 121, 123, 124, 125, 127], "excluded_lines": []}, "LibraryOrganizer.organize_match": {"executed_lines": [139, 140, 143, 144, 145, 146, 148, 150, 152, 153, 154, 155, 158, 159, 165, 168, 169, 170, 173, 174, 175, 176, 177, 178, 179, 185, 186, 189, 191, 210], "summary": {"covered_lines": 30, "num_statements": 35, "percent_covered": 85.71428571428571, "percent_covered_display": "86", "missing_lines": 5, "excluded_lines": 0}, "missing_lines": [180, 181, 182, 200, 201], "excluded_lines": []}, "LibraryOrganizer._plan_data_operations": {"executed_lines": [214, 217, 219, 220, 222, 225, 228, 230, 236, 238], "summary": {"covered_lines": 10, "num_statements": 10, "percent_covered": 100.0, "percent_covered_display": "100", "missing_lines": 0, "excluded_lines": 0}, "missing_lines": [], "excluded_lines": []}, "LibraryOrganizer._resolve_collision": {"executed_lines": [242, 243, 245, 246, 248, 251, 252, 253, 254, 255, 257, 258, 259, 260, 261], "summary": {"covered_lines": 15, "num_statements": 30, "percent_covered": 50.0, "percent_covered_display": "50", "missing_lines": 15, "excluded_lines": 0}, "missing_lines": [249, 262, 264, 266, 267, 268, 271, 272, 273, 274, 275, 278, 279, 280, 282], "excluded_lines": []}, "LibraryOrganizer._execute_operation": {"executed_lines": [286, 287, 290, 293, 294, 297, 300, 301], "summary": {"covered_lines": 8, "num_statements": 18, "percent_covered": 44.44444444444444, "percent_covered_display": "44", "missing_lines": 10, "excluded_lines": 0}, "missing_lines": [298, 303, 304, 305, 306, 308, 309, 310, 311, 314], "excluded_lines": []}, "LibraryOrganizer._create_audit_log": {"executed_lines": [318, 319, 321, 346, 347], "summary": {"covered_lines": 5, "num_statements": 5, "percent_covered": 100.0, "percent_covered_display": "100", "missing_lines": 0, "excluded_lines": 0}, "missing_lines": [], "excluded_lines": []}, "LibraryOrganizer.check_existing_torrent": {"executed_lines": [351, 352, 353, 354], "summary": {"covered_lines": 4, "num_statements": 4, "percent_covered": 100.0, "percent_covered_display": "100", "missing_lines": 0, "excluded_lines": 0}, "missing_lines": [], "excluded_lines": []}, "LibraryOrganizer.get_library_stats": {"executed_lines": [358, 365, 366, 367, 369, 370, 371, 373, 374, 375, 376, 377, 378, 379, 383], "summary": {"covered_lines": 15, "num_statements": 18, "percent_covered": 83.33333333333333, "percent_covered_display": "83", "missing_lines": 3, "excluded_lines": 0}, "missing_lines": [359, 380, 381], "excluded_lines": []}, "create_organize_report": {"executed_lines": [393, 394, 395, 397, 398, 399, 402, 403, 404, 405, 406, 408], "summary": {"covered_lines": 12, "num_statements": 12, "percent_covered": 100.0, "percent_covered_display": "100", "missing_lines": 0, "excluded_lines": 0}, "missing_lines": [], "excluded_lines": []}, "_format_size": {"executed_lines": [427, 428, 429, 430], "summary": {"covered_lines": 4, "num_statements": 5, "percent_covered": 80.0, "percent_covered_display": "80", "missing_lines": 1, "excluded_lines": 0}, "missing_lines": [431], "excluded_lines": []}, "organize_torrents_cli": {"executed_lines": [], "summary": {"covered_lines": 0, "num_statements": 7, "percent_covered": 0.0, "percent_covered_display": "0", "missing_lines": 7, "excluded_lines": 0}, "missing_lines": [454, 462, 465, 466, 467, 469, 471], "excluded_lines": []}, "organize_torrents_cli.progress_callback": {"executed_lines": [], "summary": {"covered_lines": 0, "num_statements": 1, "percent_covered": 0.0, "percent_covered_display": "0", "missing_lines": 1, "excluded_lines": 0}, "missing_lines": [463], "excluded_lines": []}, "": {"executed_lines": [1, 12, 13, 14, 15, 16, 17, 18, 19, 20, 21, 23, 24, 25, 28, 29, 30, 31, 32, 33, 36, 37, 38, 39, 40, 41, 44, 45, 46, 47, 48, 49, 50, 51, 52, 55, 56, 57, 58, 59, 60, 61, 62, 63, 64, 67, 68, 70, 96, 129, 212, 240, 284, 316, 349, 356, 391, 425, 434], "summary": {"covered_lines": 53, "num_statements": 53, "percent_covered": 100.0, "percent_covered_display": "100", "missing_lines": 0, "excluded_lines": 0}, "missing_lines": [], "excluded_lines": []}}, "classes": {"OrganizeAction": {"executed_lines": [], "summary": {"covered_lines": 0, "num_statements": 0, "percent_covered": 100.0, "percent_covered_display": "100", "missing_lines": 0, "excluded_lines": 0}, "missing_lines": [], "excluded_lines": []}, "CollisionStrategy": {"executed_lines": [], "summary": {"covered_lines": 0, "num_statements": 0, "percent_covered": 100.0, "percent_covered_display": "100", "missing_lines": 0, "excluded_lines": 0}, "missing_lines": [], "excluded_lines": []}, "OrganizeOperation": {"executed_lines": [], "summary": {"covered_lines": 0, "num_statements": 0, "percent_covered": 100.0, "percent_covered_display": "100", "missing_lines": 0, "excluded_lines": 0}, "missing_lines": [], "excluded_lines": []}, "OrganizeResult": {"executed_lines": [], "summary": {"covered_lines": 0, "num_statements": 0, "percent_covered": 100.0, "percent_covered_display": "100", "missing_lines": 0, "excluded_lines": 0}, "missing_lines": [], "excluded_lines": []}, "LibraryOrganizer": {"executed_lines": [86, 87, 88, 89, 90, 93, 94, 139, 140, 143, 144, 145, 146, 148, 150, 152, 153, 154, 155, 158, 159, 165, 168, 169, 170, 173, 174, 175, 176, 177, 178, 179, 185, 186, 189, 191, 210, 214, 217, 219, 220, 222, 225, 228, 230, 236, 238, 242, 243, 245, 246, 248, 251, 252, 253, 254, 255, 257, 258, 259, 260, 261, 286, 287, 290, 293, 294, 297, 300, 301, 318, 319, 321, 346, 347, 351, 352, 353, 354, 358, 365, 366, 367, 369, 370, 371, 373, 374, 375, 376, 377, 378, 379, 383], "summary": {"covered_lines": 94, "num_statements": 142, "percent_covered": 66.19718309859155, "percent_covered_display": "66", "missing_lines": 48, "excluded_lines": 0}, "missing_lines": [109, 110, 111, 112, 114, 115, 116, 117, 119, 120, 121, 123, 124, 125, 127, 180, 181, 182, 200, 201, 249, 262, 264, 266, 267, 268, 271, 272, 273, 274, 275, 278, 279, 280, 282, 298, 303, 304, 305, 306, 308, 309, 310, 311, 314, 359, 380, 381], "excluded_lines": []}, "": {"executed_lines": [1, 12, 13, 14, 15, 16, 17, 18, 19, 20, 21, 23, 24, 25, 28, 29, 30, 31, 32, 33, 36, 37, 38, 39, 40, 41, 44, 45, 46, 47, 48, 49, 50, 51, 52, 55, 56, 57, 58, 59, 60, 61, 62, 63, 64, 67, 68, 70, 96, 129, 212, 240, 284, 316, 349, 356, 391, 393, 394, 395, 397, 398, 399, 402, 403, 404, 405, 406, 408, 425, 427, 428, 429, 430, 434], "summary": {"covered_lines": 69, "num_statements": 78, "percent_covered": 88.46153846153847, "percent_covered_display": "88", "missing_lines": 9, "excluded_lines": 0}, "missing_lines": [431, 454, 462, 463, 465, 466, 467, 469, 471], "excluded_lines": []}}}, "src/scan.py": {"executed_lines": [1, 7, 8, 9, 10, 12, 13, 15, 17, 19, 20, 21, 22, 23, 24, 25, 26, 28, 30, 32, 33, 34, 35, 37, 38, 46, 47, 50, 51, 55, 58, 59, 60, 61, 62, 63, 64, 67, 68, 69, 70, 71, 72, 73, 74, 75, 76, 78, 79, 119, 120, 122, 126, 128, 129, 132, 133, 135, 136, 137, 139, 141, 144, 145, 148, 149, 152, 153, 159, 161, 169, 173, 175, 177, 179, 182, 184, 185, 187, 188, 190, 212, 214, 217, 218, 219, 220], "summary": {"covered_lines": 83, "num_statements": 120, "percent_covered": 69.16666666666667, "percent_covered_display": "69", "missing_lines": 37, "excluded_lines": 0}, "missing_lines": [14, 27, 29, 31, 39, 40, 41, 42, 43, 44, 48, 52, 53, 82, 83, 86, 87, 89, 90, 91, 92, 100, 101, 108, 127, 154, 155, 156, 157, 163, 164, 165, 166, 167, 171, 215, 221], "excluded_lines": [], "functions": {"TorrentMatch.from_torrent_scanner": {"executed_lines": [], "summary": {"covered_lines": 0, "num_statements": 11, "percent_covered": 0.0, "percent_covered_display": "0", "missing_lines": 11, "excluded_lines": 0}, "missing_lines": [82, 83, 86, 87, 89, 90, 91, 92, 100, 101, 108], "excluded_lines": []}, "TorrentScanner.__init__": {"executed_lines": [126, 128, 129, 132, 133, 135, 136, 137], "summary": {"covered_lines": 8, "num_statements": 9, "percent_covered": 88.88888888888889, "percent_covered_display": "89", "missing_lines": 1, "excluded_lines": 0}, "missing_lines": [127], "excluded_lines": []}, "TorrentScanner.scan_and_match": {"executed_lines": [141, 144, 145, 148, 149, 152, 153, 159], "summary": {"covered_lines": 8, "num_statements": 12, "percent_covered": 66.66666666666667, "percent_covered_display": "67", "missing_lines": 4, "excluded_lines": 0}, "missing_lines": [154, 155, 156, 157], "excluded_lines": []}, "TorrentScanner.get_torrent_by_hash": {"executed_lines": [], "summary": {"covered_lines": 0, "num_statements": 5, "percent_covered": 0.0, "percent_covered_display": "0", "missing_lines": 5, "excluded_lines": 0}, "missing_lines": [163, 164, 165, 166, 167], "excluded_lines": []}, "TorrentScanner.list_all_torrents": {"executed_lines": [], "summary": {"covered_lines": 0, "num_statements": 1, "percent_covered": 0.0, "percent_covered_display": "0", "missing_lines": 1, "excluded_lines": 0}, "missing_lines": [171], "excluded_lines": []}, "TorrentScanner.cleanup_missing": {"executed_lines": [175], "summary": {"covered_lines": 1, "num_statements": 1, "percent_covered": 100.0, "percent_covered_display": "100", "missing_lines": 0, "excluded_lines": 0}, "missing_lines": [], "excluded_lines": []}, "TorrentScanner.get_statistics": {"executed_lines": [179], "summary": {"covered_lines": 1, "num_statements": 1, "percent_covered": 100.0, "percent_covered_display": "100", "missing_lines": 0, "excluded_lines": 0}, "missing_lines": [], "excluded_lines": []}, "create_scan_report": {"executed_lines": [184, 185, 187, 188, 190], "summary": {"covered_lines": 5, "num_statements": 5, "percent_covered": 100.0, "percent_covered_display": "100", "missing_lines": 0, "excluded_lines": 0}, "missing_lines": [], "excluded_lines": []}, "_format_size": {"executed_lines": [214, 217, 218, 219, 220], "summary": {"covered_lines": 5, "num_statements": 7, "percent_covered": 71.42857142857143, "percent_covered_display": "71", "missing_lines": 2, "excluded_lines": 0}, "missing_lines": [215, 221], "excluded_lines": []}, "": {"executed_lines": [1, 7, 8, 9, 10, 12, 13, 15, 17, 19, 20, 21, 22, 23, 24, 25, 26, 28, 30, 32, 33, 34, 35, 37, 38, 46, 47, 50, 51, 55, 58, 59, 60, 61, 62, 63, 64, 67, 68, 69, 70, 71, 72, 73, 74, 75, 76, 78, 79, 119, 120, 122, 139, 161, 169, 173, 177, 182, 212], "summary": {"covered_lines": 55, "num_statements": 68, "percent_covered": 80.88235294117646, "percent_covered_display": "81", "missing_lines": 13, "excluded_lines": 0}, "missing_lines": [14, 27, 29, 31, 39, 40, 41, 42, 43, 44, 48, 52, 53], "excluded_lines": []}}, "classes": {"FileMatch": {"executed_lines": [], "summary": {"covered_lines": 0, "num_statements": 0, "percent_covered": 100.0, "percent_covered_display": "100", "missing_lines": 0, "excluded_lines": 0}, "missing_lines": [], "excluded_lines": []}, "TorrentMatch": {"executed_lines": [], "summary": {"covered_lines": 0, "num_statements": 11, "percent_covered": 0.0, "percent_covered_display": "0", "missing_lines": 11, "excluded_lines": 0}, "missing_lines": [82, 83, 86, 87, 89, 90, 91, 92, 100, 101, 108], "excluded_lines": []}, "TorrentScanner": {"executed_lines": [126, 128, 129, 132, 133, 135, 136, 137, 141, 144, 145, 148, 149, 152, 153, 159, 175, 179], "summary": {"covered_lines": 18, "num_statements": 29, "percent_covered": 62.06896551724138, "percent_covered_display": "62", "missing_lines": 11, "excluded_lines": 0}, "missing_lines": [127, 154, 155, 156, 157, 163, 164, 165, 166, 167, 171], "excluded_lines": []}, "": {"executed_lines": [1, 7, 8, 9, 10, 12, 13, 15, 17, 19, 20, 21, 22, 23, 24, 25, 26, 28, 30, 32, 33, 34, 35, 37, 38, 46, 47, 50, 51, 55, 58, 59, 60, 61, 62, 63, 64, 67, 68, 69, 70, 71, 72, 73, 74, 75, 76, 78, 79, 119, 120, 122, 139, 161, 169, 173, 177, 182, 184, 185, 187, 188, 190, 212, 214, 217, 218, 219, 220], "summary": {"covered_lines": 65, "num_statements": 80, "percent_covered": 81.25, "percent_covered_display": "81", "missing_lines": 15, "excluded_lines": 0}, "missing_lines": [14, 27, 29, 31, 39, 40, 41, 42, 43, 44, 48, 52, 53, 215, 221], "excluded_lines": []}}}, "src/utils.py": {"executed_lines": [1, 12, 13, 14, 15, 16, 17, 20, 21, 23, 24, 25, 27, 29, 32, 34, 35, 36, 37, 38, 39, 40, 41, 45, 47, 48, 49, 52, 53, 54, 56, 58, 59, 62, 63, 64, 66, 69, 70, 71, 73, 75, 76, 78, 79, 81, 84, 85, 87, 89, 90, 92, 93, 94, 96, 97, 99, 102, 103, 106, 148, 167, 169, 170, 171, 172, 173, 174, 175, 176, 177, 178, 179, 180, 181, 183, 184, 185, 186, 187, 192, 203, 204, 205, 208, 259, 269, 271, 272, 274, 275, 276, 281, 289, 290, 293, 294, 296, 297, 298, 301, 323, 361, 371, 374, 377, 378, 379, 382, 383, 384, 385, 387, 390, 400, 409], "summary": {"covered_lines": 114, "num_statements": 187, "percent_covered": 60.962566844919785, "percent_covered_display": "61", "missing_lines": 73, "excluded_lines": 0}, "missing_lines": [30, 43, 50, 60, 67, 82, 95, 100, 120, 122, 123, 125, 126, 128, 129, 132, 133, 134, 136, 137, 138, 139, 140, 141, 142, 143, 145, 158, 159, 160, 163, 164, 189, 224, 225, 227, 228, 231, 232, 234, 236, 237, 238, 239, 240, 243, 244, 245, 247, 277, 278, 312, 313, 316, 317, 318, 320, 334, 335, 337, 338, 341, 343, 344, 345, 348, 349, 350, 351, 354, 355, 356, 358], "excluded_lines": [], "functions": {"BencodeDecoder.__init__": {"executed_lines": [24, 25], "summary": {"covered_lines": 2, "num_statements": 2, "percent_covered": 100.0, "percent_covered_display": "100", "missing_lines": 0, "excluded_lines": 0}, "missing_lines": [], "excluded_lines": []}, "BencodeDecoder.decode": {"executed_lines": [29, 32, 34, 35, 36, 37, 38, 39, 40, 41], "summary": {"covered_lines": 10, "num_statements": 12, "percent_covered": 83.33333333333333, "percent_covered_display": "83", "missing_lines": 2, "excluded_lines": 0}, "missing_lines": [30, 43], "excluded_lines": []}, "BencodeDecoder._decode_int": {"executed_lines": [47, 48, 49, 52, 53, 54], "summary": {"covered_lines": 6, "num_statements": 7, "percent_covered": 85.71428571428571, "percent_covered_display": "86", "missing_lines": 1, "excluded_lines": 0}, "missing_lines": [50], "excluded_lines": []}, "BencodeDecoder._decode_string": {"executed_lines": [58, 59, 62, 63, 64, 66, 69, 70, 71], "summary": {"covered_lines": 9, "num_statements": 11, "percent_covered": 81.81818181818181, "percent_covered_display": "82", "missing_lines": 2, "excluded_lines": 0}, "missing_lines": [60, 67], "excluded_lines": []}, "BencodeDecoder._decode_list": {"executed_lines": [75, 76, 78, 79, 81, 84, 85], "summary": {"covered_lines": 7, "num_statements": 8, "percent_covered": 87.5, "percent_covered_display": "88", "missing_lines": 1, "excluded_lines": 0}, "missing_lines": [82], "excluded_lines": []}, "BencodeDecoder._decode_dict": {"executed_lines": [89, 90, 92, 93, 94, 96, 97, 99, 102, 103], "summary": {"covered_lines": 10, "num_statements": 12, "percent_covered": 83.33333333333333, "percent_covered_display": "83", "missing_lines": 2, "excluded_lines": 0}, "missing_lines": [95, 100], "excluded_lines": []}, "read_torrent_file": {"executed_lines": [], "summary": {"covered_lines": 0, "num_statements": 9, "percent_covered": 0.0, "percent_covered_display": "0", "missing_lines": 9, "excluded_lines": 0}, "missing_lines": [120, 122, 123, 125, 126, 128, 129, 132, 145], "excluded_lines": []}, "read_torrent_file.convert_keys": {"executed_lines": [], "summary": {"covered_lines": 0, "num_statements": 10, "percent_covered": 0.0, "percent_covered_display": "0", "missing_lines": 10, "excluded_lines": 0}, "missing_lines": [133, 134, 136, 137, 138, 139, 140, 141, 142, 143], "excluded_lines": []}, "calculate_info_hash": {"executed_lines": [], "summary": {"covered_lines": 0, "num_statements": 5, "percent_covered": 0.0, "percent_covered_display": "0", "missing_lines": 5, "excluded_lines": 0}, "missing_lines": [158, 159, 160, 163, 164], "excluded_lines": []}, "_encode_bencode": {"executed_lines": [169, 170, 171, 172, 173, 174, 175, 176, 177, 178, 179, 180, 181, 183, 184, 185, 186, 187], "summary": {"covered_lines": 18, "num_statements": 19, "percent_covered": 94.73684210526316, "percent_covered_display": "95", "missing_lines": 1, "excluded_lines": 0}, "missing_lines": [189], "excluded_lines": []}, "scan_torrent_files": {"executed_lines": [203, 204, 205], "summary": {"covered_lines": 3, "num_statements": 3, "percent_covered": 100.0, "percent_covered_display": "100", "missing_lines": 0, "excluded_lines": 0}, "missing_lines": [], "excluded_lines": []}, "get_torrent_info": {"executed_lines": [], "summary": {"covered_lines": 0, "num_statements": 16, "percent_covered": 0.0, "percent_covered_display": "0", "missing_lines": 16, "excluded_lines": 0}, "missing_lines": [224, 225, 227, 228, 231, 232, 234, 236, 237, 238, 239, 240, 243, 244, 245, 247], "excluded_lines": []}, "read_nfo_file": {"executed_lines": [269, 271, 272, 274, 275, 276], "summary": {"covered_lines": 6, "num_statements": 8, "percent_covered": 75.0, "percent_covered_display": "75", "missing_lines": 2, "excluded_lines": 0}, "missing_lines": [277, 278], "excluded_lines": []}, "write_nfo_file": {"executed_lines": [289, 290, 293, 294, 296, 297, 298], "summary": {"covered_lines": 7, "num_statements": 7, "percent_covered": 100.0, "percent_covered_display": "100", "missing_lines": 0, "excluded_lines": 0}, "missing_lines": [], "excluded_lines": []}, "create_library_structure": {"executed_lines": [], "summary": {"covered_lines": 0, "num_statements": 6, "percent_covered": 0.0, "percent_covered_display": "0", "missing_lines": 6, "excluded_lines": 0}, "missing_lines": [312, 313, 316, 317, 318, 320], "excluded_lines": []}, "find_nfo_files": {"executed_lines": [], "summary": {"covered_lines": 0, "num_statements": 16, "percent_covered": 0.0, "percent_covered_display": "0", "missing_lines": 16, "excluded_lines": 0}, "missing_lines": [334, 335, 337, 338, 341, 343, 344, 345, 348, 349, 350, 351, 354, 355, 356, 358], "excluded_lines": []}, "extract_metadata_source": {"executed_lines": [371, 374, 377, 378, 379, 382, 383, 384, 385, 387], "summary": {"covered_lines": 10, "num_statements": 10, "percent_covered": 100.0, "percent_covered_display": "100", "missing_lines": 0, "excluded_lines": 0}, "missing_lines": [], "excluded_lines": []}, "is_media_file": {"executed_lines": [400, 409], "summary": {"covered_lines": 2, "num_statements": 2, "percent_covered": 100.0, "percent_covered_display": "100", "missing_lines": 0, "excluded_lines": 0}, "missing_lines": [], "excluded_lines": []}, "": {"executed_lines": [1, 12, 13, 14, 15, 16, 17, 20, 21, 23, 27, 45, 56, 73, 87, 106, 148, 167, 192, 208, 259, 281, 301, 323, 361, 390], "summary": {"covered_lines": 24, "num_statements": 24, "percent_covered": 100.0, "percent_covered_display": "100", "missing_lines": 0, "excluded_lines": 0}, "missing_lines": [], "excluded_lines": []}}, "classes": {"BencodeDecoder": {"executed_lines": [24, 25, 29, 32, 34, 35, 36, 37, 38, 39, 40, 41, 47, 48, 49, 52, 53, 54, 58, 59, 62, 63, 64, 66, 69, 70, 71, 75, 76, 78, 79, 81, 84, 85, 89, 90, 92, 93, 94, 96, 97, 99, 102, 103], "summary": {"covered_lines": 44, "num_statements": 52, "percent_covered": 84.61538461538461, "percent_covered_display": "85", "missing_lines": 8, "excluded_lines": 0}, "missing_lines": [30, 43, 50, 60, 67, 82, 95, 100], "excluded_lines": []}, "": {"executed_lines": [1, 12, 13, 14, 15, 16, 17, 20, 21, 23, 27, 45, 56, 73, 87, 106, 148, 167, 169, 170, 171, 172, 173, 174, 175, 176, 177, 178, 179, 180, 181, 183, 184, 185, 186, 187, 192, 203, 204, 205, 208, 259, 269, 271, 272, 274, 275, 276, 281, 289, 290, 293, 294, 296, 297, 298, 301, 323, 361, 371, 374, 377, 378, 379, 382, 383, 384, 385, 387, 390, 400, 409], "summary": {"covered_lines": 70, "num_statements": 135, "percent_covered": 51.851851851851855, "percent_covered_display": "52", "missing_lines": 65, "excluded_lines": 0}, "missing_lines": [120, 122, 123, 125, 126, 128, 129, 132, 133, 134, 136, 137, 138, 139, 140, 141, 142, 143, 145, 158, 159, 160, 163, 164, 189, 224, 225, 227, 228, 231, 232, 234, 236, 237, 238, 239, 240, 243, 244, 245, 247, 277, 278, 312, 313, 316, 317, 318, 320, 334, 335, 337, 338, 341, 343, 344, 345, 348, 349, 350, 351, 354, 355, 356, 358], "excluded_lines": []}}}}, "totals": {"covered_lines": 939, "num_statements": 2015, "percent_covered": 46.60049627791563, "percent_covered_display": "47", "missing_lines": 1076, "excluded_lines": 5}}